<?xml version='1.0'?>
<ns2:test-suite xmlns:ns2='urn:model.allure.qatools.yandex.ru' start='1639866344279' stop='1639866344711'>
    <name>Lambdatest Demo Test</name>
    <title>Lambdatest Demo Test</title>
    <test-cases>
        <test-case start='1639866344279' status='failed' stop='1639866344708'>
            <name>Lambdatest Demo TestCase</name>
            <title>Lambdatest Demo TestCase</title>
            <labels>
                <label name='language' value='javascript'/>
                <label name='framework' value='wdio'/>
                <label name='thread' value='0-1'/>
            </labels>
            <parameters>
                <parameter kind='argument' name='browser' value='chrome-96.0.4664.110'/>
            </parameters>
            <steps>
                <step start='1639866344381' status='failed' stop='1639866344708'>
                    <name>GET /session/:sessionId/title</name>
                    <title>GET /session/:sessionId/title</title>
                    <attachments/>
                    <steps>
                        <step start='1639866344411' status='failed' stop='1639866344708'>
                            <name>POST /session/:sessionId/element</name>
                            <title>POST /session/:sessionId/element</title>
                            <attachments>
                                <attachment title='Request' source='e1fc91e9-6d12-4509-810c-5b2c24df94d0-attachment.json' type='application/json' size='57'/>
                            </attachments>
                            <steps>
                                <step start='1639866344431' status='failed' stop='1639866344708'>
                                    <name>POST /session/:sessionId/element</name>
                                    <title>POST /session/:sessionId/element</title>
                                    <attachments>
                                        <attachment title='Request' source='1ec069bb-65ec-4962-b7c5-74a71f223500-attachment.json' type='application/json' size='57'/>
                                    </attachments>
                                    <steps>
                                        <step start='1639866344442' status='failed' stop='1639866344708'>
                                            <name>POST /session/:sessionId/element</name>
                                            <title>POST /session/:sessionId/element</title>
                                            <attachments>
                                                <attachment title='Request' source='163659d9-ae38-4ccf-bbe0-ef6032c2f30d-attachment.json' type='application/json' size='59'/>
                                            </attachments>
                                            <steps>
                                                <step start='1639866344459' status='passed' stop='1639866344698'>
                                                    <name>GET /session/:sessionId/screenshot</name>
                                                    <title>GET /session/:sessionId/screenshot</title>
                                                    <attachments>
                                                        <attachment title='Screenshot' source='187bfccd-8c98-4bc9-98df-5fe065d2323f-attachment.png' type='image/png' size='6618'/>
                                                    </attachments>
                                                    <steps>
                                                        <step start='1639866344473' status='passed' stop='1639866344495'>
                                                            <name>POST /session/:sessionId/url</name>
                                                            <title>POST /session/:sessionId/url</title>
                                                            <attachments>
                                                                <attachment title='Request' source='06862554-c4a0-40ce-b3b1-d3d980363fa7-attachment.json' type='application/json' size='60'/>
                                                            </attachments>
                                                            <steps/>
                                                        </step>
                                                    </steps>
                                                </step>
                                            </steps>
                                        </step>
                                    </steps>
                                </step>
                            </steps>
                        </step>
                    </steps>
                </step>
            </steps>
            <attachments/>
            <failure>
                <message>Expected values to be strictly equal:
                + actual - expected
                
                + Promise {
                +   &lt;pending>
                + }
                - 'Sample page - lambdatest.com'      
                      actual expected
                      
                      Promise'Sample [Promise]page {}- lambdatest.com'
                      </message>
                <stack-trace>AssertionError [ERR_ASSERTION]: Expected values to be strictly equal:
                + actual - expected
                
                + Promise {
                +   &lt;pending>
                + }
                - 'Sample page - lambdatest.com'
                    at Context.&lt;anonymous> (/Users/narengundeboina/Documents/LambdaTestProject/test/specs/myFirstScript.js:10:16)
                    at Context.executeAsync (/Users/narengundeboina/Documents/LambdaTestProject/node_modules/@wdio/utils/build/shim.js:325:27)
                    at Context.testFrameworkFnWrapper (/Users/narengundeboina/Documents/LambdaTestProject/node_modules/@wdio/utils/build/test-framework/testFnWrapper.js:45:32)</stack-trace>
            </failure>
        </test-case>
    </test-cases>
</ns2:test-suite>