<?xml version='1.0'?>
<ns2:test-suite xmlns:ns2='urn:model.allure.qatools.yandex.ru' start='1639866310857' stop='1639866313513'>
    <name>Lambdatest Demo Test</name>
    <title>Lambdatest Demo Test</title>
    <test-cases>
        <test-case start='1639866310858' status='failed' stop='1639866313511'>
            <name>Lambdatest Demo TestCase</name>
            <title>Lambdatest Demo TestCase</title>
            <labels>
                <label name='language' value='javascript'/>
                <label name='framework' value='wdio'/>
                <label name='thread' value='0-1'/>
            </labels>
            <parameters>
                <parameter kind='argument' name='browser' value='chrome-96.0.4664.110'/>
            </parameters>
            <steps>
                <step start='1639866310861' status='failed' stop='1639866313511'>
                    <name>GET /session/:sessionId/title</name>
                    <title>GET /session/:sessionId/title</title>
                    <attachments/>
                    <steps>
                        <step start='1639866310869' status='failed' stop='1639866313511'>
                            <name>POST /session/:sessionId/element</name>
                            <title>POST /session/:sessionId/element</title>
                            <attachments>
                                <attachment title='Request' source='82fcd344-8636-4f66-89dd-0605c0987ea9-attachment.json' type='application/json' size='57'/>
                            </attachments>
                            <steps>
                                <step start='1639866310881' status='failed' stop='1639866313511'>
                                    <name>POST /session/:sessionId/element</name>
                                    <title>POST /session/:sessionId/element</title>
                                    <attachments>
                                        <attachment title='Request' source='b651b366-1989-4c5a-8fe6-6ca23921b58a-attachment.json' type='application/json' size='57'/>
                                    </attachments>
                                    <steps>
                                        <step start='1639866310884' status='failed' stop='1639866313511'>
                                            <name>POST /session/:sessionId/element</name>
                                            <title>POST /session/:sessionId/element</title>
                                            <attachments>
                                                <attachment title='Request' source='e172e02a-7691-43ee-9dff-84c751ed4dc6-attachment.json' type='application/json' size='59'/>
                                            </attachments>
                                            <steps>
                                                <step start='1639866311128' status='passed' stop='1639866313492'>
                                                    <name>GET /session/:sessionId/screenshot</name>
                                                    <title>GET /session/:sessionId/screenshot</title>
                                                    <attachments>
                                                        <attachment title='Screenshot' source='45ee663e-b1da-4c54-a23c-a3681a0ac67c-attachment.png' type='image/png' size='13006'/>
                                                    </attachments>
                                                    <steps>
                                                        <step start='1639866311196' status='passed' stop='1639866311275'>
                                                            <name>POST /session/:sessionId/url</name>
                                                            <title>POST /session/:sessionId/url</title>
                                                            <attachments>
                                                                <attachment title='Request' source='0e04c013-48ba-45b1-93b4-8828d356a314-attachment.json' type='application/json' size='60'/>
                                                            </attachments>
                                                            <steps/>
                                                        </step>
                                                    </steps>
                                                </step>
                                            </steps>
                                        </step>
                                    </steps>
                                </step>
                            </steps>
                        </step>
                    </steps>
                </step>
            </steps>
            <attachments/>
            <failure>
                <message>Expected values to be strictly equal:
                + actual - expected
                
                + Promise {
                +   &lt;pending>
                + }
                - 'Sample page - lambdatest.com'      
                      actual expected
                      
                      Promise'Sample [Promise]page {}- lambdatest.com'
                      </message>
                <stack-trace>AssertionError [ERR_ASSERTION]: Expected values to be strictly equal:
                + actual - expected
                
                + Promise {
                +   &lt;pending>
                + }
                - 'Sample page - lambdatest.com'
                    at Context.&lt;anonymous> (/Users/narengundeboina/Documents/LambdaTestProject/test/specs/myFirstScript.js:10:16)
                    at Context.executeAsync (/Users/narengundeboina/Documents/LambdaTestProject/node_modules/@wdio/utils/build/shim.js:325:27)
                    at Context.testFrameworkFnWrapper (/Users/narengundeboina/Documents/LambdaTestProject/node_modules/@wdio/utils/build/test-framework/testFnWrapper.js:45:32)</stack-trace>
            </failure>
        </test-case>
    </test-cases>
</ns2:test-suite>