<?xml version='1.0'?>
<ns2:test-suite xmlns:ns2='urn:model.allure.qatools.yandex.ru' start='1639863718737' stop='1639863719925'>
    <name>Lambdatest Demo Test</name>
    <title>Lambdatest Demo Test</title>
    <test-cases>
        <test-case start='1639863718737' status='failed' stop='1639863719923'>
            <name>Lambdatest Demo TestCase</name>
            <title>Lambdatest Demo TestCase</title>
            <labels>
                <label name='language' value='javascript'/>
                <label name='framework' value='wdio'/>
                <label name='thread' value='0-2'/>
            </labels>
            <parameters>
                <parameter kind='argument' name='browser' value='chrome-96.0.4664.110'/>
            </parameters>
            <steps>
                <step start='1639863718740' status='failed' stop='1639863719923'>
                    <name>GET /session/:sessionId/title</name>
                    <title>GET /session/:sessionId/title</title>
                    <attachments/>
                    <steps>
                        <step start='1639863718746' status='failed' stop='1639863719923'>
                            <name>POST /session/:sessionId/element</name>
                            <title>POST /session/:sessionId/element</title>
                            <attachments>
                                <attachment title='Request' source='992c0b28-e375-46e7-b58f-3586ab306f55-attachment.json' type='application/json' size='57'/>
                            </attachments>
                            <steps>
                                <step start='1639863718750' status='failed' stop='1639863719923'>
                                    <name>POST /session/:sessionId/element</name>
                                    <title>POST /session/:sessionId/element</title>
                                    <attachments>
                                        <attachment title='Request' source='16ef2cf8-0e5b-489a-911d-232f2d3b1a11-attachment.json' type='application/json' size='57'/>
                                    </attachments>
                                    <steps>
                                        <step start='1639863718752' status='failed' stop='1639863719923'>
                                            <name>POST /session/:sessionId/element</name>
                                            <title>POST /session/:sessionId/element</title>
                                            <attachments>
                                                <attachment title='Request' source='273913aa-0482-4b6f-a8b9-c1a9414b6411-attachment.json' type='application/json' size='59'/>
                                            </attachments>
                                            <steps>
                                                <step start='1639863718755' status='passed' stop='1639863719094'>
                                                    <name>GET /session/:sessionId/screenshot</name>
                                                    <title>GET /session/:sessionId/screenshot</title>
                                                    <attachments>
                                                        <attachment title='Response' source='5f1e5059-6ec2-49d0-909e-ff38709882af-attachment.json' type='application/json' size='2009'/>
                                                    </attachments>
                                                    <steps>
                                                        <step start='1639863718761' status='passed' stop='1639863718794'>
                                                            <name>POST /session/:sessionId/url</name>
                                                            <title>POST /session/:sessionId/url</title>
                                                            <attachments>
                                                                <attachment title='Request' source='a4ad350f-4db7-4460-8526-d54c01bdc341-attachment.json' type='application/json' size='60'/>
                                                            </attachments>
                                                            <steps/>
                                                        </step>
                                                    </steps>
                                                </step>
                                                <step start='1639863719108' status='passed' stop='1639863719914'>
                                                    <name>POST /session/:sessionId/elements</name>
                                                    <title>POST /session/:sessionId/elements</title>
                                                    <attachments>
                                                        <attachment title='Request' source='4e9ea7d2-66ca-493f-99ed-dc4e575def97-attachment.json' type='application/json' size='57'/>
                                                        <attachment title='Screenshot' source='87f74bad-f768-41b4-94b3-51e1a9347949-attachment.png' type='image/png' size='13006'/>
                                                    </attachments>
                                                    <steps/>
                                                </step>
                                            </steps>
                                        </step>
                                    </steps>
                                </step>
                            </steps>
                        </step>
                    </steps>
                </step>
            </steps>
            <attachments/>
            <failure>
                <message>Expected values to be strictly equal:
                + actual - expected
                
                + Promise {
                +   &lt;pending>
                + }
                - 'Sample page - lambdatest.com'      
                      actual expected
                      
                      Promise'Sample [Promise]page {}- lambdatest.com'
                      </message>
                <stack-trace>AssertionError [ERR_ASSERTION]: Expected values to be strictly equal:
                + actual - expected
                
                + Promise {
                +   &lt;pending>
                + }
                - 'Sample page - lambdatest.com'
                    at Context.&lt;anonymous> (/Users/narengundeboina/Documents/LambdaTestProject/test/specs/myFirstScript.js:10:16)
                    at Context.executeAsync (/Users/narengundeboina/Documents/LambdaTestProject/node_modules/@wdio/utils/build/shim.js:325:27)
                    at Context.testFrameworkFnWrapper (/Users/narengundeboina/Documents/LambdaTestProject/node_modules/@wdio/utils/build/test-framework/testFnWrapper.js:45:32)</stack-trace>
            </failure>
        </test-case>
    </test-cases>
</ns2:test-suite>