{
  "uid" : "29602c070a3adad2",
  "name" : "Lambdatest Demo TestCase",
  "fullName" : "Lambdatest Demo Test.Lambdatest Demo TestCase",
  "historyId" : "d4458da6dc253e9e3633166f17f75bfd",
  "time" : {
    "start" : 1639866310858,
    "stop" : 1639866313511,
    "duration" : 2653
  },
  "description" : "",
  "descriptionHtml" : "",
  "status" : "failed",
  "statusMessage" : "Expected values to be strictly equal:\n                + actual - expected\n                \n                + Promise {\n                +   <pending>\n                + }\n                - 'Sample page - lambdatest.com'      \n                      actual expected\n                      \n                      Promise'Sample [Promise]page {}- lambdatest.com'\n                      ",
  "statusTrace" : "AssertionError [ERR_ASSERTION]: Expected values to be strictly equal:\n                + actual - expected\n                \n                + Promise {\n                +   <pending>\n                + }\n                - 'Sample page - lambdatest.com'\n                    at Context.<anonymous> (/Users/narengundeboina/Documents/LambdaTestProject/test/specs/myFirstScript.js:10:16)\n                    at Context.executeAsync (/Users/narengundeboina/Documents/LambdaTestProject/node_modules/@wdio/utils/build/shim.js:325:27)\n                    at Context.testFrameworkFnWrapper (/Users/narengundeboina/Documents/LambdaTestProject/node_modules/@wdio/utils/build/test-framework/testFnWrapper.js:45:32)",
  "flaky" : false,
  "newFailed" : false,
  "newBroken" : false,
  "newPassed" : false,
  "retriesCount" : 0,
  "retriesStatusChange" : false,
  "beforeStages" : [ ],
  "testStage" : {
    "status" : "failed",
    "statusMessage" : "Expected values to be strictly equal:\n                + actual - expected\n                \n                + Promise {\n                +   <pending>\n                + }\n                - 'Sample page - lambdatest.com'      \n                      actual expected\n                      \n                      Promise'Sample [Promise]page {}- lambdatest.com'\n                      ",
    "statusTrace" : "AssertionError [ERR_ASSERTION]: Expected values to be strictly equal:\n                + actual - expected\n                \n                + Promise {\n                +   <pending>\n                + }\n                - 'Sample page - lambdatest.com'\n                    at Context.<anonymous> (/Users/narengundeboina/Documents/LambdaTestProject/test/specs/myFirstScript.js:10:16)\n                    at Context.executeAsync (/Users/narengundeboina/Documents/LambdaTestProject/node_modules/@wdio/utils/build/shim.js:325:27)\n                    at Context.testFrameworkFnWrapper (/Users/narengundeboina/Documents/LambdaTestProject/node_modules/@wdio/utils/build/test-framework/testFnWrapper.js:45:32)",
    "steps" : [ {
      "name" : "GET /session/:sessionId/title",
      "time" : {
        "start" : 1639866310861,
        "stop" : 1639866313511,
        "duration" : 2650
      },
      "status" : "failed",
      "statusMessage" : "AssertionError [ERR_ASSERTION]: Expected values to be strictly equal:\n                + actual - expected\n                \n                + Promise {\n                +   <pending>\n                + }\n                - 'Sample page - lambdatest.com'\n                    at Context.<anonymous> (/Users/narengundeboina/Documents/LambdaTestProject/test/specs/myFirstScript.js:10:16)\n                    at Context.executeAsync (/Users/narengundeboina/Documents/LambdaTestProject/node_modules/@wdio/utils/build/shim.js:325:27)\n                    at Context.testFrameworkFnWrapper (/Users/narengundeboina/Documents/LambdaTestProject/node_modules/@wdio/utils/build/test-framework/testFnWrapper.js:45:32)",
      "steps" : [ {
        "name" : "POST /session/:sessionId/element",
        "time" : {
          "start" : 1639866310869,
          "stop" : 1639866313511,
          "duration" : 2642
        },
        "status" : "failed",
        "statusMessage" : "AssertionError [ERR_ASSERTION]: Expected values to be strictly equal:\n                + actual - expected\n                \n                + Promise {\n                +   <pending>\n                + }\n                - 'Sample page - lambdatest.com'\n                    at Context.<anonymous> (/Users/narengundeboina/Documents/LambdaTestProject/test/specs/myFirstScript.js:10:16)\n                    at Context.executeAsync (/Users/narengundeboina/Documents/LambdaTestProject/node_modules/@wdio/utils/build/shim.js:325:27)\n                    at Context.testFrameworkFnWrapper (/Users/narengundeboina/Documents/LambdaTestProject/node_modules/@wdio/utils/build/test-framework/testFnWrapper.js:45:32)",
        "steps" : [ {
          "name" : "POST /session/:sessionId/element",
          "time" : {
            "start" : 1639866310881,
            "stop" : 1639866313511,
            "duration" : 2630
          },
          "status" : "failed",
          "statusMessage" : "AssertionError [ERR_ASSERTION]: Expected values to be strictly equal:\n                + actual - expected\n                \n                + Promise {\n                +   <pending>\n                + }\n                - 'Sample page - lambdatest.com'\n                    at Context.<anonymous> (/Users/narengundeboina/Documents/LambdaTestProject/test/specs/myFirstScript.js:10:16)\n                    at Context.executeAsync (/Users/narengundeboina/Documents/LambdaTestProject/node_modules/@wdio/utils/build/shim.js:325:27)\n                    at Context.testFrameworkFnWrapper (/Users/narengundeboina/Documents/LambdaTestProject/node_modules/@wdio/utils/build/test-framework/testFnWrapper.js:45:32)",
          "steps" : [ {
            "name" : "POST /session/:sessionId/element",
            "time" : {
              "start" : 1639866310884,
              "stop" : 1639866313511,
              "duration" : 2627
            },
            "status" : "failed",
            "statusMessage" : "AssertionError [ERR_ASSERTION]: Expected values to be strictly equal:\n                + actual - expected\n                \n                + Promise {\n                +   <pending>\n                + }\n                - 'Sample page - lambdatest.com'\n                    at Context.<anonymous> (/Users/narengundeboina/Documents/LambdaTestProject/test/specs/myFirstScript.js:10:16)\n                    at Context.executeAsync (/Users/narengundeboina/Documents/LambdaTestProject/node_modules/@wdio/utils/build/shim.js:325:27)\n                    at Context.testFrameworkFnWrapper (/Users/narengundeboina/Documents/LambdaTestProject/node_modules/@wdio/utils/build/test-framework/testFnWrapper.js:45:32)",
            "steps" : [ {
              "name" : "GET /session/:sessionId/screenshot",
              "time" : {
                "start" : 1639866311128,
                "stop" : 1639866313492,
                "duration" : 2364
              },
              "status" : "passed",
              "steps" : [ {
                "name" : "POST /session/:sessionId/url",
                "time" : {
                  "start" : 1639866311196,
                  "stop" : 1639866311275,
                  "duration" : 79
                },
                "status" : "passed",
                "steps" : [ ],
                "attachments" : [ {
                  "uid" : "173718b072c573e4",
                  "name" : "Request",
                  "source" : "173718b072c573e4.json",
                  "type" : "application/json",
                  "size" : 60
                } ],
                "parameters" : [ ],
                "stepsCount" : 0,
                "attachmentsCount" : 1,
                "shouldDisplayMessage" : false,
                "hasContent" : true
              } ],
              "attachments" : [ {
                "uid" : "5294eb258fb3aad1",
                "name" : "Screenshot",
                "source" : "5294eb258fb3aad1.png",
                "type" : "image/png",
                "size" : 13006
              } ],
              "parameters" : [ ],
              "stepsCount" : 1,
              "attachmentsCount" : 2,
              "shouldDisplayMessage" : false,
              "hasContent" : true
            } ],
            "attachments" : [ {
              "uid" : "d4beb1f30a53851b",
              "name" : "Request",
              "source" : "d4beb1f30a53851b.json",
              "type" : "application/json",
              "size" : 59
            } ],
            "parameters" : [ ],
            "stepsCount" : 2,
            "attachmentsCount" : 3,
            "shouldDisplayMessage" : true,
            "hasContent" : true
          } ],
          "attachments" : [ {
            "uid" : "f1323b12eb3be724",
            "name" : "Request",
            "source" : "f1323b12eb3be724.json",
            "type" : "application/json",
            "size" : 57
          } ],
          "parameters" : [ ],
          "stepsCount" : 3,
          "attachmentsCount" : 4,
          "shouldDisplayMessage" : false,
          "hasContent" : true
        } ],
        "attachments" : [ {
          "uid" : "6edac60adbb0efd5",
          "name" : "Request",
          "source" : "6edac60adbb0efd5.json",
          "type" : "application/json",
          "size" : 57
        } ],
        "parameters" : [ ],
        "stepsCount" : 4,
        "attachmentsCount" : 5,
        "shouldDisplayMessage" : false,
        "hasContent" : true
      } ],
      "attachments" : [ ],
      "parameters" : [ ],
      "stepsCount" : 5,
      "attachmentsCount" : 5,
      "shouldDisplayMessage" : false,
      "hasContent" : true
    } ],
    "attachments" : [ ],
    "parameters" : [ ],
    "stepsCount" : 6,
    "attachmentsCount" : 5,
    "shouldDisplayMessage" : true,
    "hasContent" : true
  },
  "afterStages" : [ ],
  "labels" : [ {
    "name" : "framework",
    "value" : "wdio"
  }, {
    "name" : "language",
    "value" : "javascript"
  }, {
    "name" : "thread",
    "value" : "0-1"
  }, {
    "name" : "suite",
    "value" : "Lambdatest Demo Test"
  }, {
    "name" : "testClass",
    "value" : "Lambdatest Demo Test"
  }, {
    "name" : "testMethod",
    "value" : "Lambdatest Demo TestCase"
  }, {
    "name" : "package",
    "value" : "Lambdatest Demo Test"
  }, {
    "name" : "resultFormat",
    "value" : "allure1"
  } ],
  "parameters" : [ {
    "name" : "browser",
    "value" : "chrome-96.0.4664.110"
  } ],
  "links" : [ ],
  "hidden" : true,
  "retry" : true,
  "extra" : {
    "categories" : [ ],
    "tags" : [ ]
  },
  "source" : "29602c070a3adad2.json",
  "parameterValues" : [ "chrome-96.0.4664.110" ]
}