{
  "uid" : "c726f629d2711da1",
  "name" : "Lambdatest Demo TestCase",
  "fullName" : "Lambdatest Demo Test.Lambdatest Demo TestCase",
  "historyId" : "d4458da6dc253e9e3633166f17f75bfd",
  "time" : {
    "start" : 1639863718737,
    "stop" : 1639863719923,
    "duration" : 1186
  },
  "description" : "",
  "descriptionHtml" : "",
  "status" : "failed",
  "statusMessage" : "Expected values to be strictly equal:\n                + actual - expected\n                \n                + Promise {\n                +   <pending>\n                + }\n                - 'Sample page - lambdatest.com'      \n                      actual expected\n                      \n                      Promise'Sample [Promise]page {}- lambdatest.com'\n                      ",
  "statusTrace" : "AssertionError [ERR_ASSERTION]: Expected values to be strictly equal:\n                + actual - expected\n                \n                + Promise {\n                +   <pending>\n                + }\n                - 'Sample page - lambdatest.com'\n                    at Context.<anonymous> (/Users/narengundeboina/Documents/LambdaTestProject/test/specs/myFirstScript.js:10:16)\n                    at Context.executeAsync (/Users/narengundeboina/Documents/LambdaTestProject/node_modules/@wdio/utils/build/shim.js:325:27)\n                    at Context.testFrameworkFnWrapper (/Users/narengundeboina/Documents/LambdaTestProject/node_modules/@wdio/utils/build/test-framework/testFnWrapper.js:45:32)",
  "flaky" : false,
  "newFailed" : false,
  "newBroken" : false,
  "newPassed" : false,
  "retriesCount" : 0,
  "retriesStatusChange" : false,
  "beforeStages" : [ ],
  "testStage" : {
    "status" : "failed",
    "statusMessage" : "Expected values to be strictly equal:\n                + actual - expected\n                \n                + Promise {\n                +   <pending>\n                + }\n                - 'Sample page - lambdatest.com'      \n                      actual expected\n                      \n                      Promise'Sample [Promise]page {}- lambdatest.com'\n                      ",
    "statusTrace" : "AssertionError [ERR_ASSERTION]: Expected values to be strictly equal:\n                + actual - expected\n                \n                + Promise {\n                +   <pending>\n                + }\n                - 'Sample page - lambdatest.com'\n                    at Context.<anonymous> (/Users/narengundeboina/Documents/LambdaTestProject/test/specs/myFirstScript.js:10:16)\n                    at Context.executeAsync (/Users/narengundeboina/Documents/LambdaTestProject/node_modules/@wdio/utils/build/shim.js:325:27)\n                    at Context.testFrameworkFnWrapper (/Users/narengundeboina/Documents/LambdaTestProject/node_modules/@wdio/utils/build/test-framework/testFnWrapper.js:45:32)",
    "steps" : [ {
      "name" : "GET /session/:sessionId/title",
      "time" : {
        "start" : 1639863718740,
        "stop" : 1639863719923,
        "duration" : 1183
      },
      "status" : "failed",
      "statusMessage" : "AssertionError [ERR_ASSERTION]: Expected values to be strictly equal:\n                + actual - expected\n                \n                + Promise {\n                +   <pending>\n                + }\n                - 'Sample page - lambdatest.com'\n                    at Context.<anonymous> (/Users/narengundeboina/Documents/LambdaTestProject/test/specs/myFirstScript.js:10:16)\n                    at Context.executeAsync (/Users/narengundeboina/Documents/LambdaTestProject/node_modules/@wdio/utils/build/shim.js:325:27)\n                    at Context.testFrameworkFnWrapper (/Users/narengundeboina/Documents/LambdaTestProject/node_modules/@wdio/utils/build/test-framework/testFnWrapper.js:45:32)",
      "steps" : [ {
        "name" : "POST /session/:sessionId/element",
        "time" : {
          "start" : 1639863718746,
          "stop" : 1639863719923,
          "duration" : 1177
        },
        "status" : "failed",
        "statusMessage" : "AssertionError [ERR_ASSERTION]: Expected values to be strictly equal:\n                + actual - expected\n                \n                + Promise {\n                +   <pending>\n                + }\n                - 'Sample page - lambdatest.com'\n                    at Context.<anonymous> (/Users/narengundeboina/Documents/LambdaTestProject/test/specs/myFirstScript.js:10:16)\n                    at Context.executeAsync (/Users/narengundeboina/Documents/LambdaTestProject/node_modules/@wdio/utils/build/shim.js:325:27)\n                    at Context.testFrameworkFnWrapper (/Users/narengundeboina/Documents/LambdaTestProject/node_modules/@wdio/utils/build/test-framework/testFnWrapper.js:45:32)",
        "steps" : [ {
          "name" : "POST /session/:sessionId/element",
          "time" : {
            "start" : 1639863718750,
            "stop" : 1639863719923,
            "duration" : 1173
          },
          "status" : "failed",
          "statusMessage" : "AssertionError [ERR_ASSERTION]: Expected values to be strictly equal:\n                + actual - expected\n                \n                + Promise {\n                +   <pending>\n                + }\n                - 'Sample page - lambdatest.com'\n                    at Context.<anonymous> (/Users/narengundeboina/Documents/LambdaTestProject/test/specs/myFirstScript.js:10:16)\n                    at Context.executeAsync (/Users/narengundeboina/Documents/LambdaTestProject/node_modules/@wdio/utils/build/shim.js:325:27)\n                    at Context.testFrameworkFnWrapper (/Users/narengundeboina/Documents/LambdaTestProject/node_modules/@wdio/utils/build/test-framework/testFnWrapper.js:45:32)",
          "steps" : [ {
            "name" : "POST /session/:sessionId/element",
            "time" : {
              "start" : 1639863718752,
              "stop" : 1639863719923,
              "duration" : 1171
            },
            "status" : "failed",
            "statusMessage" : "AssertionError [ERR_ASSERTION]: Expected values to be strictly equal:\n                + actual - expected\n                \n                + Promise {\n                +   <pending>\n                + }\n                - 'Sample page - lambdatest.com'\n                    at Context.<anonymous> (/Users/narengundeboina/Documents/LambdaTestProject/test/specs/myFirstScript.js:10:16)\n                    at Context.executeAsync (/Users/narengundeboina/Documents/LambdaTestProject/node_modules/@wdio/utils/build/shim.js:325:27)\n                    at Context.testFrameworkFnWrapper (/Users/narengundeboina/Documents/LambdaTestProject/node_modules/@wdio/utils/build/test-framework/testFnWrapper.js:45:32)",
            "steps" : [ {
              "name" : "GET /session/:sessionId/screenshot",
              "time" : {
                "start" : 1639863718755,
                "stop" : 1639863719094,
                "duration" : 339
              },
              "status" : "passed",
              "steps" : [ {
                "name" : "POST /session/:sessionId/url",
                "time" : {
                  "start" : 1639863718761,
                  "stop" : 1639863718794,
                  "duration" : 33
                },
                "status" : "passed",
                "steps" : [ ],
                "attachments" : [ {
                  "uid" : "29445709696d7f98",
                  "name" : "Request",
                  "source" : "29445709696d7f98.json",
                  "type" : "application/json",
                  "size" : 60
                } ],
                "parameters" : [ ],
                "stepsCount" : 0,
                "attachmentsCount" : 1,
                "shouldDisplayMessage" : false,
                "hasContent" : true
              } ],
              "attachments" : [ {
                "uid" : "a5919ca932f8f5fb",
                "name" : "Response",
                "source" : "a5919ca932f8f5fb.json",
                "type" : "application/json",
                "size" : 2009
              } ],
              "parameters" : [ ],
              "stepsCount" : 1,
              "attachmentsCount" : 2,
              "shouldDisplayMessage" : false,
              "hasContent" : true
            }, {
              "name" : "POST /session/:sessionId/elements",
              "time" : {
                "start" : 1639863719108,
                "stop" : 1639863719914,
                "duration" : 806
              },
              "status" : "passed",
              "steps" : [ ],
              "attachments" : [ {
                "uid" : "6232b90a1e828e45",
                "name" : "Request",
                "source" : "6232b90a1e828e45.json",
                "type" : "application/json",
                "size" : 57
              }, {
                "uid" : "a5ce1ab4ba09408b",
                "name" : "Screenshot",
                "source" : "a5ce1ab4ba09408b.png",
                "type" : "image/png",
                "size" : 13006
              } ],
              "parameters" : [ ],
              "stepsCount" : 0,
              "attachmentsCount" : 2,
              "shouldDisplayMessage" : false,
              "hasContent" : true
            } ],
            "attachments" : [ {
              "uid" : "a560d60aaa5388ed",
              "name" : "Request",
              "source" : "a560d60aaa5388ed.json",
              "type" : "application/json",
              "size" : 59
            } ],
            "parameters" : [ ],
            "stepsCount" : 3,
            "attachmentsCount" : 5,
            "shouldDisplayMessage" : true,
            "hasContent" : true
          } ],
          "attachments" : [ {
            "uid" : "ef2eecbe275e4a09",
            "name" : "Request",
            "source" : "ef2eecbe275e4a09.json",
            "type" : "application/json",
            "size" : 57
          } ],
          "parameters" : [ ],
          "stepsCount" : 4,
          "attachmentsCount" : 6,
          "shouldDisplayMessage" : false,
          "hasContent" : true
        } ],
        "attachments" : [ {
          "uid" : "f3f3ea05c2297519",
          "name" : "Request",
          "source" : "f3f3ea05c2297519.json",
          "type" : "application/json",
          "size" : 57
        } ],
        "parameters" : [ ],
        "stepsCount" : 5,
        "attachmentsCount" : 7,
        "shouldDisplayMessage" : false,
        "hasContent" : true
      } ],
      "attachments" : [ ],
      "parameters" : [ ],
      "stepsCount" : 6,
      "attachmentsCount" : 7,
      "shouldDisplayMessage" : false,
      "hasContent" : true
    } ],
    "attachments" : [ ],
    "parameters" : [ ],
    "stepsCount" : 7,
    "attachmentsCount" : 7,
    "shouldDisplayMessage" : true,
    "hasContent" : true
  },
  "afterStages" : [ ],
  "labels" : [ {
    "name" : "framework",
    "value" : "wdio"
  }, {
    "name" : "language",
    "value" : "javascript"
  }, {
    "name" : "thread",
    "value" : "0-2"
  }, {
    "name" : "suite",
    "value" : "Lambdatest Demo Test"
  }, {
    "name" : "testClass",
    "value" : "Lambdatest Demo Test"
  }, {
    "name" : "testMethod",
    "value" : "Lambdatest Demo TestCase"
  }, {
    "name" : "package",
    "value" : "Lambdatest Demo Test"
  }, {
    "name" : "resultFormat",
    "value" : "allure1"
  } ],
  "parameters" : [ {
    "name" : "browser",
    "value" : "chrome-96.0.4664.110"
  } ],
  "links" : [ ],
  "hidden" : true,
  "retry" : true,
  "extra" : {
    "categories" : [ ],
    "tags" : [ ]
  },
  "source" : "c726f629d2711da1.json",
  "parameterValues" : [ "chrome-96.0.4664.110" ]
}